<?xml version="1.0" encoding="UTF-8"?>
<!-- Generated by org.testng.reporters.JUnitXMLReporter -->
<testsuite hostname="CBT-084" name="Default test" tests="3" failures="0" timestamp="13 Mar 2017 09:01:38 GMT" time="0.026" errors="0">
  <testcase name="createStringBuffer" time="0.008" classname="java8.AboutString"/>
  <testcase name="createStringLiteral" time="0.001" classname="java8.AboutString"/>
  <testcase name="createStringNew" time="0.001" classname="java8.AboutString"/>
</testsuite> <!-- Default test -->
