<?xml version="1.0" encoding="UTF-8"?>
<!-- Generated by org.testng.reporters.JUnitXMLReporter -->
<testsuite hostname="CBT-084" name="Test1" tests="3" failures="0" timestamp="28 Feb 2017 05:35:44 GMT" time="0.047" errors="0">
  <testcase name="@BeforeTest browserSetup" time="0.0" classname="ParallelExecution.ParallelSample1">
    <failure type="java.lang.NoClassDefFoundError" message="com/google/common/base/Function">
      <![CDATA[java.lang.NoClassDefFoundError: com/google/common/base/Function
	at ParallelExecution.ParallelSample1.browserSetup(ParallelSample1.java:19)
	at java.util.concurrent.FutureTask.run(Unknown Source)
	at java.util.concurrent.ThreadPoolExecutor.runWorker(Unknown Source)
	at java.util.concurrent.ThreadPoolExecutor$Worker.run(Unknown Source)
	at java.lang.Thread.run(Unknown Source)
Caused by: java.lang.ClassNotFoundException: com.google.common.base.Function
	at java.net.URLClassLoader.findClass(Unknown Source)
	at java.lang.ClassLoader.loadClass(Unknown Source)
	at sun.misc.Launcher$AppClassLoader.loadClass(Unknown Source)
	at java.lang.ClassLoader.loadClass(Unknown Source)
	... 19 more
... Removed 14 stack frames]]>
    </failure>
  </testcase> <!-- @BeforeTest browserSetup -->
  <testcase name="sample1" time="0.0" classname="ParallelExecution.ParallelSample1">
    <skipped/>
  </testcase> <!-- sample1 -->
  <testcase name="sample2" time="0.0" classname="ParallelExecution.ParallelSample1">
    <skipped/>
  </testcase> <!-- sample2 -->
  <testcase name="sample3" time="0.0" classname="ParallelExecution.ParallelSample1">
    <skipped/>
  </testcase> <!-- sample3 -->
</testsuite> <!-- Test1 -->
