<?xml version="1.0" encoding="UTF-8"?>
<!-- Generated by org.testng.reporters.JUnitXMLReporter -->
<testsuite hostname="CBT-084" name="Test" tests="3" failures="0" timestamp="9 Feb 2017 05:56:06 GMT" time="0.031" errors="0">
  <testcase name="@BeforeTest launchBrowser" time="0.0" classname="ParallelExecution.ParallelSample1">
    <failure type="java.lang.NoClassDefFoundError" message="com/google/common/base/Function">
      <![CDATA[java.lang.NoClassDefFoundError: com/google/common/base/Function
	at ParallelExecution.ParallelSample1.launchBrowser(ParallelSample1.java:17)
Caused by: java.lang.ClassNotFoundException: com.google.common.base.Function
	at java.net.URLClassLoader.findClass(Unknown Source)
	at java.lang.ClassLoader.loadClass(Unknown Source)
	at sun.misc.Launcher$AppClassLoader.loadClass(Unknown Source)
	at java.lang.ClassLoader.loadClass(Unknown Source)
	... 24 more
... Removed 23 stack frames]]>
    </failure>
  </testcase> <!-- @BeforeTest launchBrowser -->
  <testcase name="sample2" time="0.0" classname="ParallelExecution.ParallelSample1">
    <skipped/>
  </testcase> <!-- sample2 -->
  <testcase name="sample1" time="0.015" classname="ParallelExecution.ParallelSample1">
    <skipped/>
  </testcase> <!-- sample1 -->
  <testcase name="sample3" time="0.015" classname="ParallelExecution.ParallelSample1">
    <skipped/>
  </testcase> <!-- sample3 -->
</testsuite> <!-- Test -->
